<?xml version="1.0" encoding="UTF-8"?>
<!-- Generated by org.testng.reporters.JUnitReportReporter -->
<testsuite hostname="LM0001778" failures="0" tests="2" name="com.redBus.qa.tests.SearchResultPageTest" time="16.011" errors="0" timestamp="2022-05-02T18:16:30 IST" skipped="0">
  <testcase classname="com.redBus.qa.tests.SearchResultPageTest" name="validateLogo" time="6.564"/>
  <system-out/>
  <testcase classname="com.redBus.qa.tests.SearchResultPageTest" name="searchResultTest" time="9.447"/>
  <system-out/>
</testsuite> <!-- com.redBus.qa.tests.SearchResultPageTest -->
