<?xml version="1.0" encoding="UTF-8"?>
<!-- Generated by org.testng.reporters.JUnitReportReporter -->
<testsuite hostname="LM0001778" failures="0" tests="6" name="com.redBus.qa.tests.HomePageTest" time="40.653" errors="0" timestamp="2022-05-02T18:16:30 IST" skipped="0">
  <testcase classname="com.redBus.qa.tests.HomePageTest" name="homePageTitleTest" time="5.416"/>
  <system-out/>
  <testcase classname="com.redBus.qa.tests.HomePageTest" name="validateRedBusLogoTest" time="7.345"/>
  <system-out/>
  <testcase classname="com.redBus.qa.tests.HomePageTest" name="verifyFromfieldPresence" time="5.586"/>
  <system-out/>
  <testcase classname="com.redBus.qa.tests.HomePageTest" name="verifyTofieldPresence" time="7.289"/>
  <system-out/>
  <testcase classname="com.redBus.qa.tests.HomePageTest" name="verifyDatefieldPresence" time="6.707"/>
  <system-out/>
  <testcase classname="com.redBus.qa.tests.HomePageTest" name="searchTest" time="8.310"/>
  <system-out/>
</testsuite> <!-- com.redBus.qa.tests.HomePageTest -->
