<?xml version="1.0" encoding="UTF-8"?>
<!-- Generated by org.testng.reporters.JUnitReportReporter -->
<testsuite hostname="LM0001778" failures="0" tests="1" name="com.redBus.qa.testBase.TestBase" time="13.447" errors="0" timestamp="2022-04-29T14:04:59 IST" skipped="0">
  <testcase classname="com.redBus.qa.testBase.TestBase" name="initialization" time="13.447"/>
  <system-out/>
</testsuite> <!-- com.redBus.qa.testBase.TestBase -->
